Determining if the pthread_create exist failed with the following output:
Change Dir: /home/uav/lzy_ws/build/CMakeFiles/CMakeTmp

Run Build Command:"/usr/bin/make" "cmTC_771d7/fast"
/usr/bin/make -f CMakeFiles/cmTC_771d7.dir/build.make CMakeFiles/cmTC_771d7.dir/build
make[1]: Entering directory '/home/uav/lzy_ws/build/CMakeFiles/CMakeTmp'
Building C object CMakeFiles/cmTC_771d7.dir/CheckSymbolExists.c.o
/usr/bin/cc    -o CMakeFiles/cmTC_771d7.dir/CheckSymbolExists.c.o   -c /home/uav/lzy_ws/build/CMakeFiles/CMakeTmp/CheckSymbolExists.c
Linking C executable cmTC_771d7
/usr/bin/cmake -E cmake_link_script CMakeFiles/cmTC_771d7.dir/link.txt --verbose=1
/usr/bin/cc      -rdynamic CMakeFiles/cmTC_771d7.dir/CheckSymbolExists.c.o  -o cmTC_771d7 
CMakeFiles/cmTC_771d7.dir/CheckSymbolExists.c.o: In function `main':
CheckSymbolExists.c:(.text+0x1b): undefined reference to `pthread_create'
collect2: error: ld returned 1 exit status
CMakeFiles/cmTC_771d7.dir/build.make:97: recipe for target 'cmTC_771d7' failed
make[1]: *** [cmTC_771d7] Error 1
make[1]: Leaving directory '/home/uav/lzy_ws/build/CMakeFiles/CMakeTmp'
Makefile:126: recipe for target 'cmTC_771d7/fast' failed
make: *** [cmTC_771d7/fast] Error 2

File /home/uav/lzy_ws/build/CMakeFiles/CMakeTmp/CheckSymbolExists.c:
/* */
#include <pthread.h>

int main(int argc, char** argv)
{
  (void)argv;
#ifndef pthread_create
  return ((int*)(&pthread_create))[argc];
#else
  (void)argc;
  return 0;
#endif
}

Determining if the function pthread_create exists in the pthreads failed with the following output:
Change Dir: /home/uav/lzy_ws/build/CMakeFiles/CMakeTmp

Run Build Command:"/usr/bin/make" "cmTC_6fecd/fast"
/usr/bin/make -f CMakeFiles/cmTC_6fecd.dir/build.make CMakeFiles/cmTC_6fecd.dir/build
make[1]: Entering directory '/home/uav/lzy_ws/build/CMakeFiles/CMakeTmp'
Building C object CMakeFiles/cmTC_6fecd.dir/CheckFunctionExists.c.o
/usr/bin/cc   -DCHECK_FUNCTION_EXISTS=pthread_create   -o CMakeFiles/cmTC_6fecd.dir/CheckFunctionExists.c.o   -c /usr/share/cmake-3.10/Modules/CheckFunctionExists.c
Linking C executable cmTC_6fecd
/usr/bin/cmake -E cmake_link_script CMakeFiles/cmTC_6fecd.dir/link.txt --verbose=1
/usr/bin/cc  -DCHECK_FUNCTION_EXISTS=pthread_create    -rdynamic CMakeFiles/cmTC_6fecd.dir/CheckFunctionExists.c.o  -o cmTC_6fecd -lpthreads 
/usr/bin/ld: cannot find -lpthreads
collect2: error: ld returned 1 exit status
CMakeFiles/cmTC_6fecd.dir/build.make:97: recipe for target 'cmTC_6fecd' failed
make[1]: *** [cmTC_6fecd] Error 1
make[1]: Leaving directory '/home/uav/lzy_ws/build/CMakeFiles/CMakeTmp'
Makefile:126: recipe for target 'cmTC_6fecd/fast' failed
make: *** [cmTC_6fecd/fast] Error 2


